0 info it worked if it ends with ok
1 verbose cli [ 'c:\\Program Files\\nodejs\\node.exe',
1 verbose cli   'c:\\Program Files\\nodejs\\node_modules\\npm\\bin\\npm-cli.js',
1 verbose cli   'install' ]
2 info using npm@1.3.2
3 info using node@v0.10.13
4 verbose readDependencies using package.json deps
5 verbose install where, deps [ 'D:\\code\\nbcps\\nbcps-web\\WebContent\\dep\\ef\\3.1.0-beta.2',
5 verbose install   [ 'er', 'esui', 'underscore', 'mini-event', 'etpl', 'moment', 'eoo' ] ]
6 info preinstall ef@3.1.0-beta.2
7 verbose readDependencies using package.json deps
8 verbose cache add [ 'er@3.1.x', null ]
9 verbose cache add name=undefined spec="er@3.1.x" args=["er@3.1.x",null]
10 verbose parsed url { protocol: null,
10 verbose parsed url   slashes: null,
10 verbose parsed url   auth: null,
10 verbose parsed url   host: null,
10 verbose parsed url   port: null,
10 verbose parsed url   hostname: null,
10 verbose parsed url   hash: null,
10 verbose parsed url   search: null,
10 verbose parsed url   query: null,
10 verbose parsed url   pathname: 'er@3.1.x',
10 verbose parsed url   path: 'er@3.1.x',
10 verbose parsed url   href: 'er@3.1.x' }
11 verbose cache add name="er" spec="3.1.x" args=["er","3.1.x"]
12 verbose parsed url { protocol: null,
12 verbose parsed url   slashes: null,
12 verbose parsed url   auth: null,
12 verbose parsed url   host: null,
12 verbose parsed url   port: null,
12 verbose parsed url   hostname: null,
12 verbose parsed url   hash: null,
12 verbose parsed url   search: null,
12 verbose parsed url   query: null,
12 verbose parsed url   pathname: '3.1.x',
12 verbose parsed url   path: '3.1.x',
12 verbose parsed url   href: '3.1.x' }
13 verbose addNamed [ 'er', '3.1.x' ]
14 verbose addNamed [ null, '>=3.1.0-0 <3.2.0-0' ]
15 verbose cache add [ 'esui@3.1.x', null ]
16 verbose cache add name=undefined spec="esui@3.1.x" args=["esui@3.1.x",null]
17 verbose parsed url { protocol: null,
17 verbose parsed url   slashes: null,
17 verbose parsed url   auth: null,
17 verbose parsed url   host: null,
17 verbose parsed url   port: null,
17 verbose parsed url   hostname: null,
17 verbose parsed url   hash: null,
17 verbose parsed url   search: null,
17 verbose parsed url   query: null,
17 verbose parsed url   pathname: 'esui@3.1.x',
17 verbose parsed url   path: 'esui@3.1.x',
17 verbose parsed url   href: 'esui@3.1.x' }
18 verbose cache add name="esui" spec="3.1.x" args=["esui","3.1.x"]
19 verbose parsed url { protocol: null,
19 verbose parsed url   slashes: null,
19 verbose parsed url   auth: null,
19 verbose parsed url   host: null,
19 verbose parsed url   port: null,
19 verbose parsed url   hostname: null,
19 verbose parsed url   hash: null,
19 verbose parsed url   search: null,
19 verbose parsed url   query: null,
19 verbose parsed url   pathname: '3.1.x',
19 verbose parsed url   path: '3.1.x',
19 verbose parsed url   href: '3.1.x' }
20 verbose addNamed [ 'esui', '3.1.x' ]
21 verbose addNamed [ null, '>=3.1.0-0 <3.2.0-0' ]
22 verbose cache add [ 'underscore@1.5.x', null ]
23 verbose cache add name=undefined spec="underscore@1.5.x" args=["underscore@1.5.x",null]
24 verbose parsed url { protocol: null,
24 verbose parsed url   slashes: null,
24 verbose parsed url   auth: null,
24 verbose parsed url   host: null,
24 verbose parsed url   port: null,
24 verbose parsed url   hostname: null,
24 verbose parsed url   hash: null,
24 verbose parsed url   search: null,
24 verbose parsed url   query: null,
24 verbose parsed url   pathname: 'underscore@1.5.x',
24 verbose parsed url   path: 'underscore@1.5.x',
24 verbose parsed url   href: 'underscore@1.5.x' }
25 verbose cache add name="underscore" spec="1.5.x" args=["underscore","1.5.x"]
26 verbose parsed url { protocol: null,
26 verbose parsed url   slashes: null,
26 verbose parsed url   auth: null,
26 verbose parsed url   host: null,
26 verbose parsed url   port: null,
26 verbose parsed url   hostname: null,
26 verbose parsed url   hash: null,
26 verbose parsed url   search: null,
26 verbose parsed url   query: null,
26 verbose parsed url   pathname: '1.5.x',
26 verbose parsed url   path: '1.5.x',
26 verbose parsed url   href: '1.5.x' }
27 verbose addNamed [ 'underscore', '1.5.x' ]
28 verbose addNamed [ null, '>=1.5.0-0 <1.6.0-0' ]
29 verbose cache add [ 'mini-event@1.x', null ]
30 verbose cache add name=undefined spec="mini-event@1.x" args=["mini-event@1.x",null]
31 verbose parsed url { protocol: null,
31 verbose parsed url   slashes: null,
31 verbose parsed url   auth: null,
31 verbose parsed url   host: null,
31 verbose parsed url   port: null,
31 verbose parsed url   hostname: null,
31 verbose parsed url   hash: null,
31 verbose parsed url   search: null,
31 verbose parsed url   query: null,
31 verbose parsed url   pathname: 'mini-event@1.x',
31 verbose parsed url   path: 'mini-event@1.x',
31 verbose parsed url   href: 'mini-event@1.x' }
32 verbose cache add name="mini-event" spec="1.x" args=["mini-event","1.x"]
33 verbose parsed url { protocol: null,
33 verbose parsed url   slashes: null,
33 verbose parsed url   auth: null,
33 verbose parsed url   host: null,
33 verbose parsed url   port: null,
33 verbose parsed url   hostname: null,
33 verbose parsed url   hash: null,
33 verbose parsed url   search: null,
33 verbose parsed url   query: null,
33 verbose parsed url   pathname: '1.x',
33 verbose parsed url   path: '1.x',
33 verbose parsed url   href: '1.x' }
34 verbose addNamed [ 'mini-event', '1.x' ]
35 verbose addNamed [ null, '>=1.0.0-0 <2.0.0-0' ]
36 verbose cache add [ 'etpl@2.x', null ]
37 verbose cache add name=undefined spec="etpl@2.x" args=["etpl@2.x",null]
38 verbose parsed url { protocol: null,
38 verbose parsed url   slashes: null,
38 verbose parsed url   auth: null,
38 verbose parsed url   host: null,
38 verbose parsed url   port: null,
38 verbose parsed url   hostname: null,
38 verbose parsed url   hash: null,
38 verbose parsed url   search: null,
38 verbose parsed url   query: null,
38 verbose parsed url   pathname: 'etpl@2.x',
38 verbose parsed url   path: 'etpl@2.x',
38 verbose parsed url   href: 'etpl@2.x' }
39 verbose cache add name="etpl" spec="2.x" args=["etpl","2.x"]
40 verbose parsed url { protocol: null,
40 verbose parsed url   slashes: null,
40 verbose parsed url   auth: null,
40 verbose parsed url   host: null,
40 verbose parsed url   port: null,
40 verbose parsed url   hostname: null,
40 verbose parsed url   hash: null,
40 verbose parsed url   search: null,
40 verbose parsed url   query: null,
40 verbose parsed url   pathname: '2.x',
40 verbose parsed url   path: '2.x',
40 verbose parsed url   href: '2.x' }
41 verbose addNamed [ 'etpl', '2.x' ]
42 verbose addNamed [ null, '>=2.0.0-0 <3.0.0-0' ]
43 verbose cache add [ 'moment@2.x', null ]
44 verbose cache add name=undefined spec="moment@2.x" args=["moment@2.x",null]
45 verbose parsed url { protocol: null,
45 verbose parsed url   slashes: null,
45 verbose parsed url   auth: null,
45 verbose parsed url   host: null,
45 verbose parsed url   port: null,
45 verbose parsed url   hostname: null,
45 verbose parsed url   hash: null,
45 verbose parsed url   search: null,
45 verbose parsed url   query: null,
45 verbose parsed url   pathname: 'moment@2.x',
45 verbose parsed url   path: 'moment@2.x',
45 verbose parsed url   href: 'moment@2.x' }
46 verbose cache add name="moment" spec="2.x" args=["moment","2.x"]
47 verbose parsed url { protocol: null,
47 verbose parsed url   slashes: null,
47 verbose parsed url   auth: null,
47 verbose parsed url   host: null,
47 verbose parsed url   port: null,
47 verbose parsed url   hostname: null,
47 verbose parsed url   hash: null,
47 verbose parsed url   search: null,
47 verbose parsed url   query: null,
47 verbose parsed url   pathname: '2.x',
47 verbose parsed url   path: '2.x',
47 verbose parsed url   href: '2.x' }
48 verbose addNamed [ 'moment', '2.x' ]
49 verbose addNamed [ null, '>=2.0.0-0 <3.0.0-0' ]
50 verbose cache add [ 'eoo@0.x', null ]
51 verbose cache add name=undefined spec="eoo@0.x" args=["eoo@0.x",null]
52 verbose parsed url { protocol: null,
52 verbose parsed url   slashes: null,
52 verbose parsed url   auth: null,
52 verbose parsed url   host: null,
52 verbose parsed url   port: null,
52 verbose parsed url   hostname: null,
52 verbose parsed url   hash: null,
52 verbose parsed url   search: null,
52 verbose parsed url   query: null,
52 verbose parsed url   pathname: 'eoo@0.x',
52 verbose parsed url   path: 'eoo@0.x',
52 verbose parsed url   href: 'eoo@0.x' }
53 verbose cache add name="eoo" spec="0.x" args=["eoo","0.x"]
54 verbose parsed url { protocol: null,
54 verbose parsed url   slashes: null,
54 verbose parsed url   auth: null,
54 verbose parsed url   host: null,
54 verbose parsed url   port: null,
54 verbose parsed url   hostname: null,
54 verbose parsed url   hash: null,
54 verbose parsed url   search: null,
54 verbose parsed url   query: null,
54 verbose parsed url   pathname: '0.x',
54 verbose parsed url   path: '0.x',
54 verbose parsed url   href: '0.x' }
55 verbose addNamed [ 'eoo', '0.x' ]
56 verbose addNamed [ null, '>=0.0.0-0 <1.0.0-0' ]
57 silly lockFile d0401b7d-er-3-1-x er@3.1.x
58 verbose lock er@3.1.x C:\Users\liyinan.INTERNAL\AppData\Roaming\npm-cache\d0401b7d-er-3-1-x.lock
59 silly lockFile c6de2fb9-esui-3-1-x esui@3.1.x
60 verbose lock esui@3.1.x C:\Users\liyinan.INTERNAL\AppData\Roaming\npm-cache\c6de2fb9-esui-3-1-x.lock
61 silly lockFile bacbbce1-underscore-1-5-x underscore@1.5.x
62 verbose lock underscore@1.5.x C:\Users\liyinan.INTERNAL\AppData\Roaming\npm-cache\bacbbce1-underscore-1-5-x.lock
63 silly lockFile f336cda5-mini-event-1-x mini-event@1.x
64 verbose lock mini-event@1.x C:\Users\liyinan.INTERNAL\AppData\Roaming\npm-cache\f336cda5-mini-event-1-x.lock
65 silly lockFile 3c38e99a-etpl-2-x etpl@2.x
66 verbose lock etpl@2.x C:\Users\liyinan.INTERNAL\AppData\Roaming\npm-cache\3c38e99a-etpl-2-x.lock
67 silly lockFile 6cda526d-moment-2-x moment@2.x
68 verbose lock moment@2.x C:\Users\liyinan.INTERNAL\AppData\Roaming\npm-cache\6cda526d-moment-2-x.lock
69 silly lockFile 03ad3d6e-eoo-0-x eoo@0.x
70 verbose lock eoo@0.x C:\Users\liyinan.INTERNAL\AppData\Roaming\npm-cache\03ad3d6e-eoo-0-x.lock
71 silly addNameRange { name: 'er', range: '>=3.1.0-0 <3.2.0-0', hasData: false }
72 silly addNameRange { name: 'underscore',
72 silly addNameRange   range: '>=1.5.0-0 <1.6.0-0',
72 silly addNameRange   hasData: false }
73 silly addNameRange { name: 'mini-event',
73 silly addNameRange   range: '>=1.0.0-0 <2.0.0-0',
73 silly addNameRange   hasData: false }
74 silly addNameRange { name: 'etpl', range: '>=2.0.0-0 <3.0.0-0', hasData: false }
75 silly addNameRange { name: 'moment', range: '>=2.0.0-0 <3.0.0-0', hasData: false }
76 silly addNameRange { name: 'eoo', range: '>=0.0.0-0 <1.0.0-0', hasData: false }
77 silly addNameRange { name: 'esui', range: '>=3.1.0-0 <3.2.0-0', hasData: false }
78 verbose url raw er
79 verbose url resolving [ 'https://registry.npmjs.org/', './er' ]
80 verbose url resolved https://registry.npmjs.org/er
81 info trying registry request attempt 1 at 18:05:56
82 http GET https://registry.npmjs.org/er
83 verbose url raw eoo
84 verbose url resolving [ 'https://registry.npmjs.org/', './eoo' ]
85 verbose url resolved https://registry.npmjs.org/eoo
86 info trying registry request attempt 1 at 18:05:56
87 http GET https://registry.npmjs.org/eoo
88 verbose url raw esui
89 verbose url resolving [ 'https://registry.npmjs.org/', './esui' ]
90 verbose url resolved https://registry.npmjs.org/esui
91 info trying registry request attempt 1 at 18:05:56
92 http GET https://registry.npmjs.org/esui
93 verbose url raw underscore
94 verbose url resolving [ 'https://registry.npmjs.org/', './underscore' ]
95 verbose url resolved https://registry.npmjs.org/underscore
96 info trying registry request attempt 1 at 18:05:56
97 verbose etag "1PUHD2VGGWPW26MZ32ABI6BWS"
98 http GET https://registry.npmjs.org/underscore
99 verbose url raw moment
100 verbose url resolving [ 'https://registry.npmjs.org/', './moment' ]
101 verbose url resolved https://registry.npmjs.org/moment
102 info trying registry request attempt 1 at 18:05:56
103 verbose etag "4FUAXGTZP2FJU0DDU4EJRB0DF"
104 http GET https://registry.npmjs.org/moment
105 verbose url raw mini-event
106 verbose url resolving [ 'https://registry.npmjs.org/', './mini-event' ]
107 verbose url resolved https://registry.npmjs.org/mini-event
108 info trying registry request attempt 1 at 18:05:56
109 verbose etag "EUU1IKWRVR8ONYPINDZH3URFW"
110 http GET https://registry.npmjs.org/mini-event
111 verbose url raw etpl
112 verbose url resolving [ 'https://registry.npmjs.org/', './etpl' ]
113 verbose url resolved https://registry.npmjs.org/etpl
114 info trying registry request attempt 1 at 18:05:56
115 verbose etag "7248702CQMQE50C48ZNCG8UMZ"
116 http GET https://registry.npmjs.org/etpl
117 http 200 https://registry.npmjs.org/moment
118 silly registry.get cb [ 200,
118 silly registry.get   { date: 'Wed, 23 Jul 2014 10:05:57 GMT',
118 silly registry.get     server: 'CouchDB/1.5.0 (Erlang OTP/R16B03)',
118 silly registry.get     etag: '"AXQ1YRCLKFR97IMVPZJIK7YIT"',
118 silly registry.get     'content-type': 'application/json',
118 silly registry.get     'cache-control': 'max-age=60',
118 silly registry.get     'content-length': '53143',
118 silly registry.get     'accept-ranges': 'bytes',
118 silly registry.get     via: '1.1 varnish',
118 silly registry.get     age: '131',
118 silly registry.get     'x-served-by': 'cache-ty67-TYO',
118 silly registry.get     'x-cache': 'HIT',
118 silly registry.get     'x-cache-hits': '1',
118 silly registry.get     'x-timer': 'S1406109957.175418,VS0,VE118',
118 silly registry.get     vary: 'Accept',
118 silly registry.get     'keep-alive': 'timeout=10, max=50',
118 silly registry.get     connection: 'Keep-Alive' } ]
119 silly addNameRange number 2 { name: 'moment', range: '>=2.0.0-0 <3.0.0-0', hasData: true }
120 silly addNameRange versions [ 'moment',
120 silly addNameRange   [ '1.0.0',
120 silly addNameRange     '1.0.1',
120 silly addNameRange     '1.1.0',
120 silly addNameRange     '1.1.1',
120 silly addNameRange     '1.2.0',
120 silly addNameRange     '1.3.0',
120 silly addNameRange     '1.4.0',
120 silly addNameRange     '1.5.0',
120 silly addNameRange     '1.5.1',
120 silly addNameRange     '1.6.0',
120 silly addNameRange     '1.6.1',
120 silly addNameRange     '1.6.2',
120 silly addNameRange     '1.7.0',
120 silly addNameRange     '1.7.1',
120 silly addNameRange     '1.7.2',
120 silly addNameRange     '2.0.0',
120 silly addNameRange     '2.1.0',
120 silly addNameRange     '2.2.1',
120 silly addNameRange     '2.3.0',
120 silly addNameRange     '2.3.1',
120 silly addNameRange     '2.4.0',
120 silly addNameRange     '2.5.0',
120 silly addNameRange     '2.5.1',
120 silly addNameRange     '2.6.0',
120 silly addNameRange     '2.7.0' ] ]
121 verbose addNamed [ 'moment', '2.7.0' ]
122 verbose addNamed [ '2.7.0', '2.7.0' ]
123 silly lockFile ebcb4a28-moment-2-7-0 moment@2.7.0
124 verbose lock moment@2.7.0 C:\Users\liyinan.INTERNAL\AppData\Roaming\npm-cache\ebcb4a28-moment-2-7-0.lock
125 silly lockFile ebcb4a28-moment-2-7-0 moment@2.7.0
126 silly lockFile ebcb4a28-moment-2-7-0 moment@2.7.0
127 silly lockFile 6cda526d-moment-2-x moment@2.x
128 silly lockFile 6cda526d-moment-2-x moment@2.x
129 http 304 https://registry.npmjs.org/mini-event
130 silly registry.get cb [ 304,
130 silly registry.get   { date: 'Wed, 23 Jul 2014 10:05:58 GMT',
130 silly registry.get     server: 'Apache',
130 silly registry.get     via: '1.1 varnish',
130 silly registry.get     'last-modified': 'Wed, 23 Jul 2014 10:05:58 GMT',
130 silly registry.get     'cache-control': 'max-age=60',
130 silly registry.get     etag: '"EUU1IKWRVR8ONYPINDZH3URFW"',
130 silly registry.get     'x-served-by': 'cache-ty67-TYO',
130 silly registry.get     'x-cache': 'MISS',
130 silly registry.get     'x-cache-hits': '0',
130 silly registry.get     'x-timer': 'S1406109958.386951,VS0,VE112',
130 silly registry.get     vary: 'Accept',
130 silly registry.get     'content-length': '0',
130 silly registry.get     'keep-alive': 'timeout=10, max=49',
130 silly registry.get     connection: 'Keep-Alive' } ]
131 verbose etag mini-event from cache
132 silly addNameRange number 2 { name: 'mini-event',
132 silly addNameRange   range: '>=1.0.0-0 <2.0.0-0',
132 silly addNameRange   hasData: true }
133 silly addNameRange versions [ 'mini-event', [ '1.0.0' ] ]
134 verbose addNamed [ 'mini-event', '1.0.0' ]
135 verbose addNamed [ '1.0.0', '1.0.0' ]
136 silly lockFile 852df024-mini-event-1-0-0 mini-event@1.0.0
137 verbose lock mini-event@1.0.0 C:\Users\liyinan.INTERNAL\AppData\Roaming\npm-cache\852df024-mini-event-1-0-0.lock
138 silly lockFile 852df024-mini-event-1-0-0 mini-event@1.0.0
139 silly lockFile 852df024-mini-event-1-0-0 mini-event@1.0.0
140 silly lockFile f336cda5-mini-event-1-x mini-event@1.x
141 silly lockFile f336cda5-mini-event-1-x mini-event@1.x
142 http 200 https://registry.npmjs.org/underscore
143 silly registry.get cb [ 200,
143 silly registry.get   { date: 'Wed, 23 Jul 2014 10:05:57 GMT',
143 silly registry.get     server: 'CouchDB/1.5.0 (Erlang OTP/R16B03)',
143 silly registry.get     etag: '"17MGUPTXE3SLJG7YTNP9DD9IT"',
143 silly registry.get     'content-type': 'application/json',
143 silly registry.get     'cache-control': 'max-age=60',
143 silly registry.get     'content-length': '30872',
143 silly registry.get     'accept-ranges': 'bytes',
143 silly registry.get     via: '1.1 varnish',
143 silly registry.get     age: '101',
143 silly registry.get     'x-served-by': 'cache-ty67-TYO',
143 silly registry.get     'x-cache': 'HIT',
143 silly registry.get     'x-cache-hits': '13',
143 silly registry.get     'x-timer': 'S1406109957.636006,VS0,VE0',
143 silly registry.get     vary: 'Accept',
143 silly registry.get     'keep-alive': 'timeout=10, max=50',
143 silly registry.get     connection: 'Keep-Alive' } ]
144 silly addNameRange number 2 { name: 'underscore',
144 silly addNameRange   range: '>=1.5.0-0 <1.6.0-0',
144 silly addNameRange   hasData: true }
145 silly addNameRange versions [ 'underscore',
145 silly addNameRange   [ '1.0.3',
145 silly addNameRange     '1.0.4',
145 silly addNameRange     '1.1.0',
145 silly addNameRange     '1.1.1',
145 silly addNameRange     '1.1.2',
145 silly addNameRange     '1.1.3',
145 silly addNameRange     '1.1.4',
145 silly addNameRange     '1.1.5',
145 silly addNameRange     '1.1.6',
145 silly addNameRange     '1.1.7',
145 silly addNameRange     '1.2.0',
145 silly addNameRange     '1.2.1',
145 silly addNameRange     '1.2.2',
145 silly addNameRange     '1.2.3',
145 silly addNameRange     '1.2.4',
145 silly addNameRange     '1.3.0',
145 silly addNameRange     '1.3.1',
145 silly addNameRange     '1.3.2',
145 silly addNameRange     '1.3.3',
145 silly addNameRange     '1.4.0',
145 silly addNameRange     '1.4.1',
145 silly addNameRange     '1.4.2',
145 silly addNameRange     '1.4.3',
145 silly addNameRange     '1.4.4',
145 silly addNameRange     '1.5.0',
145 silly addNameRange     '1.5.1',
145 silly addNameRange     '1.5.2',
145 silly addNameRange     '1.6.0' ] ]
146 verbose addNamed [ 'underscore', '1.5.2' ]
147 verbose addNamed [ '1.5.2', '1.5.2' ]
148 silly lockFile 669f6cbc-underscore-1-5-2 underscore@1.5.2
149 verbose lock underscore@1.5.2 C:\Users\liyinan.INTERNAL\AppData\Roaming\npm-cache\669f6cbc-underscore-1-5-2.lock
150 silly lockFile 669f6cbc-underscore-1-5-2 underscore@1.5.2
151 silly lockFile 669f6cbc-underscore-1-5-2 underscore@1.5.2
152 silly lockFile bacbbce1-underscore-1-5-x underscore@1.5.x
153 silly lockFile bacbbce1-underscore-1-5-x underscore@1.5.x
154 http 200 https://registry.npmjs.org/eoo
155 silly registry.get cb [ 200,
155 silly registry.get   { date: 'Wed, 23 Jul 2014 10:05:59 GMT',
155 silly registry.get     server: 'CouchDB/1.5.0 (Erlang OTP/R16B03)',
155 silly registry.get     etag: '"5HNQOQ2NC8AB1JQIVWGLFS1EP"',
155 silly registry.get     'content-type': 'application/json',
155 silly registry.get     'cache-control': 'max-age=60',
155 silly registry.get     'content-length': '8124',
155 silly registry.get     'accept-ranges': 'bytes',
155 silly registry.get     via: '1.1 varnish',
155 silly registry.get     age: '0',
155 silly registry.get     'x-served-by': 'cache-ty68-TYO',
155 silly registry.get     'x-cache': 'MISS',
155 silly registry.get     'x-cache-hits': '0',
155 silly registry.get     'x-timer': 'S1406109959.480864,VS0,VE448',
155 silly registry.get     vary: 'Accept',
155 silly registry.get     'keep-alive': 'timeout=10, max=50',
155 silly registry.get     connection: 'Keep-Alive' } ]
156 silly addNameRange number 2 { name: 'eoo', range: '>=0.0.0-0 <1.0.0-0', hasData: true }
157 silly addNameRange versions [ 'eoo',
157 silly addNameRange   [ '0.0.3', '0.0.4', '0.0.5', '0.0.6', '0.0.7', '0.0.8' ] ]
158 verbose addNamed [ 'eoo', '0.0.8' ]
159 verbose addNamed [ '0.0.8', '0.0.8' ]
160 silly lockFile 4236472f-eoo-0-0-8 eoo@0.0.8
161 verbose lock eoo@0.0.8 C:\Users\liyinan.INTERNAL\AppData\Roaming\npm-cache\4236472f-eoo-0-0-8.lock
162 silly lockFile d404f139-stry-npmjs-org-eoo-eoo-0-0-8-tgz https://registry.npmjs.org/eoo/-/eoo-0.0.8.tgz
163 verbose lock https://registry.npmjs.org/eoo/-/eoo-0.0.8.tgz C:\Users\liyinan.INTERNAL\AppData\Roaming\npm-cache\d404f139-stry-npmjs-org-eoo-eoo-0-0-8-tgz.lock
164 verbose addRemoteTarball [ 'https://registry.npmjs.org/eoo/-/eoo-0.0.8.tgz',
164 verbose addRemoteTarball   '91d84a15e8cd734784ee7a70c0574dcf6da4af94' ]
165 info retry fetch attempt 1 at 18:06:00
166 verbose fetch to= C:\Users\LIYINA~1.INT\AppData\Local\Temp\npm-6176\1406109960036-0.8905751986894757\tmp.tgz
167 http GET https://registry.npmjs.org/eoo/-/eoo-0.0.8.tgz
168 http 304 https://registry.npmjs.org/etpl
169 silly registry.get cb [ 304,
169 silly registry.get   { date: 'Wed, 23 Jul 2014 10:05:59 GMT',
169 silly registry.get     server: 'Apache',
169 silly registry.get     via: '1.1 varnish',
169 silly registry.get     'last-modified': 'Wed, 23 Jul 2014 10:06:00 GMT',
169 silly registry.get     'cache-control': 'max-age=60',
169 silly registry.get     etag: '"7248702CQMQE50C48ZNCG8UMZ"',
169 silly registry.get     'x-served-by': 'cache-ty67-TYO',
169 silly registry.get     'x-cache': 'MISS',
169 silly registry.get     'x-cache-hits': '0',
169 silly registry.get     'x-timer': 'S1406109959.975972,VS0,VE187',
169 silly registry.get     vary: 'Accept',
169 silly registry.get     'content-length': '0',
169 silly registry.get     'keep-alive': 'timeout=10, max=48',
169 silly registry.get     connection: 'Keep-Alive' } ]
170 verbose etag etpl from cache
171 silly addNameRange number 2 { name: 'etpl', range: '>=2.0.0-0 <3.0.0-0', hasData: true }
172 silly addNameRange versions [ 'etpl', [ '2.0.8-rc', '2.0.10-rc', '2.1.0-rc' ] ]
173 verbose addNamed [ 'etpl', '2.1.0-rc' ]
174 verbose addNamed [ '2.1.0-rc', '2.1.0-rc' ]
175 silly lockFile da5d5585-etpl-2-1-0-rc etpl@2.1.0-rc
176 verbose lock etpl@2.1.0-rc C:\Users\liyinan.INTERNAL\AppData\Roaming\npm-cache\da5d5585-etpl-2-1-0-rc.lock
177 silly lockFile da5d5585-etpl-2-1-0-rc etpl@2.1.0-rc
178 silly lockFile da5d5585-etpl-2-1-0-rc etpl@2.1.0-rc
179 silly lockFile 3c38e99a-etpl-2-x etpl@2.x
180 silly lockFile 3c38e99a-etpl-2-x etpl@2.x
181 http 404 https://registry.npmjs.org/esui
182 silly registry.get cb [ 404,
182 silly registry.get   { date: 'Wed, 23 Jul 2014 10:06:03 GMT',
182 silly registry.get     server: 'CouchDB/1.5.0 (Erlang OTP/R14B04)',
182 silly registry.get     'content-type': 'application/json',
182 silly registry.get     'cache-control': 'max-age=0',
182 silly registry.get     'content-length': '52',
182 silly registry.get     'accept-ranges': 'bytes',
182 silly registry.get     via: '1.1 varnish',
182 silly registry.get     age: '0',
182 silly registry.get     'x-served-by': 'cache-ty68-TYO',
182 silly registry.get     'x-cache': 'MISS',
182 silly registry.get     'x-cache-hits': '0',
182 silly registry.get     'x-timer': 'S1406109963.175308,VS0,VE187',
182 silly registry.get     'keep-alive': 'timeout=10, max=50',
182 silly registry.get     connection: 'Keep-Alive' } ]
183 silly lockFile c6de2fb9-esui-3-1-x esui@3.1.x
184 silly lockFile c6de2fb9-esui-3-1-x esui@3.1.x
185 error 404 'esui' is not in the npm registry.
185 error 404 You should bug the author to publish it
185 error 404
185 error 404 Note that you can also install from a
185 error 404 tarball, folder, or http url, or git url.
186 error System Windows_NT 6.1.7600
187 error command "c:\\Program Files\\nodejs\\node.exe" "c:\\Program Files\\nodejs\\node_modules\\npm\\bin\\npm-cli.js" "install"
188 error cwd D:\code\nbcps\nbcps-web\WebContent\dep\ef\3.1.0-beta.2
189 error node -v v0.10.13
190 error npm -v 1.3.2
191 error code E404
192 verbose exit [ 1, true ]
